<?xml version="1.0" encoding="UTF-8"?>
<coverage generated="1490108560441" clover="3.2.0">
  <project timestamp="1490108560442" name="All files">
    <metrics statements="3" coveredstatements="3" conditionals="0" coveredconditionals="0" methods="2" coveredmethods="2" elements="5" coveredelements="5" complexity="0" loc="3" ncloc="3" packages="1" files="2" classes="2">
      <file name="index.jsx" path="/home/harrison/Documents/Buffer/project-donut/packages/web/components/App/index.jsx">
        <metrics statements="1" coveredstatements="1" conditionals="0" coveredconditionals="0" methods="1" coveredmethods="1"/>
        <line num="4" count="1" type="stmt"/>
      </file>
      <file name="story.jsx" path="/home/harrison/Documents/Buffer/project-donut/packages/web/components/App/story.jsx">
        <metrics statements="2" coveredstatements="2" conditionals="0" coveredconditionals="0" methods="1" coveredmethods="1"/>
        <line num="5" count="1" type="stmt"/>
        <line num="7" count="1" type="stmt"/>
      </file>
    </metrics>
  </project>
</coverage>
