{"/home/harrison/Documents/Buffer/project-donut/packages/web/components/App/index.jsx": {"path":"/home/harrison/Documents/Buffer/project-donut/packages/web/components/App/index.jsx","statementMap":{"0":{"start":{"line":4,"column":12},"end":{"line":4,"column":45}},"1":{"start":{"line":4,"column":18},"end":{"line":4,"column":45}}},"fnMap":{"0":{"name":"(anonymous_0)","decl":{"start":{"line":4,"column":12},"end":{"line":4,"column":13}},"loc":{"start":{"line":4,"column":18},"end":{"line":4,"column":45}},"line":4}},"branchMap":{},"s":{"0":1,"1":1},"f":{"0":1},"b":{},"_coverageSchema":"332fd63041d2c1bcb487cc26dd0d5f7d97098a6c","hash":"6f985cb63cf2b16d0f1d518a6e1047a6b16e0504"}
,"/home/harrison/Documents/Buffer/project-donut/packages/web/components/App/story.jsx": {"path":"/home/harrison/Documents/Buffer/project-donut/packages/web/components/App/story.jsx","statementMap":{"0":{"start":{"line":5,"column":0},"end":{"line":8,"column":5}},"1":{"start":{"line":7,"column":4},"end":{"line":7,"column":11}}},"fnMap":{"0":{"name":"(anonymous_0)","decl":{"start":{"line":6,"column":14},"end":{"line":6,"column":15}},"loc":{"start":{"line":7,"column":4},"end":{"line":7,"column":11}},"line":7}},"branchMap":{},"s":{"0":1,"1":1},"f":{"0":1},"b":{},"_coverageSchema":"332fd63041d2c1bcb487cc26dd0d5f7d97098a6c","hash":"24965092086edc17d07dc7fa0f443991b6903fa3"}
}
